{
  "RSpec": {
    "coverage": {
      "/home/ubuntu/workspace/LPP_T_10_P10/lib/exam.rb": [
        1,
        1,
        1,
        1,
        1
      ],
      "/home/ubuntu/workspace/LPP_T_10_P10/lib/inversor.rb": [
        1
      ],
      "/home/ubuntu/workspace/LPP_T_10_P10/lib/inversor/inversor.rb": [
        1,
        null,
        1,
        2,
        22,
        2,
        null,
        null,
        1,
        1,
        1,
        1,
        null,
        null,
        null,
        null,
        2
      ],
      "/home/ubuntu/workspace/LPP_T_10_P10/lib/exam/exam.rb": [
        null,
        1,
        1,
        1,
        1,
        null,
        1,
        null,
        null,
        null,
        1,
        1,
        null,
        null,
        1,
        null,
        1,
        null,
        null,
        1,
        51,
        51,
        null,
        null,
        null,
        1,
        1,
        null,
        null,
        null,
        1,
        25,
        null,
        null,
        null,
        1,
        9,
        9,
        27,
        null,
        9,
        null,
        null,
        null,
        null,
        1,
        10,
        null,
        null,
        null,
        null,
        1,
        4,
        3,
        null,
        1,
        null,
        null,
        null,
        null,
        null,
        null,
        null,
        null,
        null,
        1,
        null,
        null,
        null,
        1,
        16,
        16,
        null,
        null,
        null,
        null,
        null
      ],
      "/home/ubuntu/workspace/LPP_T_10_P10/lib/exam/list.rb": [
        null,
        1,
        1,
        1,
        null,
        null,
        1,
        null,
        1,
        null,
        1,
        1,
        null,
        null,
        1,
        null,
        1,
        null,
        1,
        null,
        null,
        null,
        1,
        36,
        36,
        36,
        null,
        null,
        null,
        null,
        1,
        52,
        129,
        129,
        34,
        34,
        null,
        95,
        95,
        95,
        null,
        129,
        null,
        null,
        null,
        null,
        1,
        8,
        1,
        1,
        null,
        7,
        null,
        8,
        null,
        null,
        null,
        1,
        0,
        0,
        0,
        0,
        null,
        0,
        null,
        0,
        0,
        null,
        null,
        null,
        1,
        1,
        1,
        1,
        10,
        10,
        null,
        1,
        null,
        null,
        null,
        1,
        5,
        5,
        5,
        50,
        50,
        null,
        5,
        null,
        null,
        null,
        1,
        14,
        14,
        14,
        14,
        21,
        21,
        21,
        null,
        14,
        null,
        null,
        null,
        null,
        null,
        1,
        15,
        15,
        66,
        66,
        null,
        null,
        null,
        null,
        null,
        null,
        null
      ],
      "/home/ubuntu/workspace/LPP_T_10_P10/lib/exam/examen.rb": [
        null,
        1,
        1,
        1,
        null,
        1,
        1,
        1,
        null,
        1,
        10,
        10,
        null,
        null,
        1,
        2,
        null,
        null,
        1,
        1,
        null,
        null,
        1,
        2,
        null,
        null,
        1,
        1,
        null,
        null,
        1,
        8,
        null,
        null,
        null,
        null
      ],
      "/home/ubuntu/workspace/LPP_T_10_P10/lib/exam/ui.rb": [
        null,
        1,
        1,
        1,
        null,
        1,
        1,
        1,
        null,
        null,
        1,
        8,
        8,
        8,
        8,
        null,
        null,
        null,
        1,
        6,
        6,
        6,
        null,
        null,
        null,
        1,
        5,
        5,
        5,
        5,
        1,
        null,
        4,
        4,
        null,
        5,
        5,
        5,
        5,
        5,
        5,
        null,
        null,
        null,
        1,
        6,
        4,
        4,
        null,
        null,
        null,
        null,
        1,
        2,
        2,
        2,
        2,
        2,
        2,
        2,
        2,
        null,
        null,
        null,
        1,
        2,
        2,
        2,
        2,
        2,
        2,
        2,
        null,
        null,
        null,
        1,
        2,
        2,
        4,
        4,
        null,
        2,
        null,
        null,
        1,
        1,
        null,
        null,
        null,
        null,
        null
      ]
    },
    "timestamp": 1417013112
  }
}
